INFO 2022-02-02 12:06:59,622 {'1111': 10000, '2222': 20000}
INFO 2022-02-02 12:07:07,503  withdraw function -start
INFO 2022-02-02 12:07:07,503  withdraw function -end
INFO 2022-02-02 12:07:19,544 {'1111': 10000, '2222': 20000}
INFO 2022-02-02 12:07:26,135  withdraw function -start
INFO 2022-02-02 12:07:26,135 Account Number is 1122
ERROR 2022-02-02 12:07:26,135 
Traceback (most recent call last):
  File "C:\Users\Jenicks\PycharmProjects\pythonProject\Logging\2.2_logging.py", line 104, in main
    withdraw(accNo,amount)
  File "C:\Users\Jenicks\PycharmProjects\pythonProject\Logging\2.2_logging.py", line 94, in withdraw
    raise InvalidAccount()
InvalidAccount
INFO 2022-02-02 12:07:29,438 {'1111': 10000, '2222': 20000}
INFO 2022-02-02 12:07:38,269  withdraw function -start
INFO 2022-02-02 12:07:38,269 Amout is 52000
ERROR 2022-02-02 12:07:38,269 
Traceback (most recent call last):
  File "C:\Users\Jenicks\PycharmProjects\pythonProject\Logging\2.2_logging.py", line 104, in main
    withdraw(accNo,amount)
  File "C:\Users\Jenicks\PycharmProjects\pythonProject\Logging\2.2_logging.py", line 97, in withdraw
    raise InsufficientFund()
InsufficientFund
